########################## TOP GAINER ##############################
########################## TOP GAINER ##############################
########################## TOP GAINER ##############################
########################## TOP GAINER ##############################
########################## TOP GAINER ##############################
########################## TOP GAINER ##############################
########################## TOP GAINER ##############################
########################## TOP GAINER ##############################
########################## TOP GAINER ##############################
########################## TOP GAINER ##############################
########################## TOP GAINER ##############################
########################## TOP GAINER ##############################
########################## TOP GAINER ##############################
########################## TOP GAINER ##############################
########################## TOP GAINER ##############################
########################## TOP GAINER ##############################
########################## TOP GAINER ##############################
########################## TOP GAINER ##############################
########################## TOP GAINER ##############################
########################## TOP GAINER ##############################
########################## TOP GAINER ##############################
########################## TOP GAINER ##############################
########################## TOP GAINER ##############################
########################## TOP GAINER ##############################
########################## TOP GAINER ##############################
########################## TOP GAINER ##############################
########################## TOP GAINER ##############################
########################## TOP GAINER ##############################
########################## TOP GAINER ##############################
########################## TOP GAINER ##############################
########################## TOP GAINER ##############################
########################## TOP GAINER ##############################
########################## TOP GAINER ##############################
########################## TOP GAINER ##############################
########################## TOP GAINER ##############################
########################## TOP GAINER ##############################
########################## TOP GAINER ##############################
########################## TOP GAINER ##############################
########################## TOP GAINER ##############################
########################## TOP GAINER ##############################
########################## TOP GAINER ##############################
########################## TOP GAINER ##############################
########################## TOP GAINER ##############################
########################## TOP GAINER ##############################
########################## TOP GAINER ##############################
########################## TOP GAINER ##############################
########################## TOP GAINER ##############################
########################## TOP GAINER ##############################
########################## TOP GAINER ##############################
########################## TOP GAINER ##############################
########################## TOP GAINER ##############################
########################## TOP GAINER ##############################
########################## TOP GAINER ##############################
########################## TOP GAINER ##############################
########################## TOP GAINER ##############################
########################## TOP GAINER ##############################
########################## TOP GAINER ##############################
########################## TOP GAINER ##############################
########################## TOP GAINER ##############################
########################## TOP GAINER ##############################
########################## TOP GAINER ##############################
########################## TOP GAINER ##############################
/article/rbi-plans-and-an-upcoming-bill-where-are-digital-currencies-headed
Initial Article Link :: /article/rbi-plans-and-an-upcoming-bill-where-are-digital-currencies-headed
rbi-plans-and-an-upcoming-bill-where-are-digital-currencies-headed
Final Article Link :: rbi-plans-and-an-upcoming-bill-where-are-digital-currencies-headed
########################## TOP GAINER ##############################
/article/rbi-plans-and-an-upcoming-bill-where-are-digital-currencies-headed
Initial Article Link :: /article/rbi-plans-and-an-upcoming-bill-where-are-digital-currencies-headed
rbi-plans-and-an-upcoming-bill-where-are-digital-currencies-headed
Final Article Link :: rbi-plans-and-an-upcoming-bill-where-are-digital-currencies-headed
########################## TOP GAINER ##############################
########################## TOP GAINER ##############################
########################## TOP GAINER ##############################
########################## TOP GAINER ##############################
########################## TOP GAINER ##############################
########################## TOP GAINER ##############################
########################## TOP GAINER ##############################
/article/exit-window-likely-for-crypto-holders-old-transactions-to-be-under-scanner
Initial Article Link :: /article/exit-window-likely-for-crypto-holders-old-transactions-to-be-under-scanner
exit-window-likely-for-crypto-holders-old-transactions-to-be-under-scanner
Final Article Link :: exit-window-likely-for-crypto-holders-old-transactions-to-be-under-scanner
/article/exit-window-likely-for-crypto-holders-old-transactions-to-be-under-scanner&page=2
Initial Article Link :: /article/exit-window-likely-for-crypto-holders-old-transactions-to-be-under-scanner&page%3D2
exit-window-likely-for-crypto-holders-old-transactions-to-be-under-scanner&page%3D2
Final Article Link :: exit-window-likely-for-crypto-holders-old-transactions-to-be-under-scanner&page%3D2
/article/crafting-broader-cryptocurrency-regulations-no-intent-to-ban-says-turkey-central-bank-head
Initial Article Link :: /article/crafting-broader-cryptocurrency-regulations-no-intent-to-ban-says-turkey-central-bank-head
crafting-broader-cryptocurrency-regulations-no-intent-to-ban-says-turkey-central-bank-head
Final Article Link :: crafting-broader-cryptocurrency-regulations-no-intent-to-ban-says-turkey-central-bank-head
########################## TOP GAINER ##############################
